2023-05-01 02:10:15,334:INFO:PyCaret Supervised Module
2023-05-01 02:10:15,334:INFO:ML Usecase: regression
2023-05-01 02:10:15,334:INFO:version 2.3.10
2023-05-01 02:10:15,334:INFO:Initializing setup()
2023-05-01 02:10:15,334:INFO:setup(target=Water Level, ml_usecase=regression, available_plots={'parameter': 'Hyperparameters', 'residuals': 'Residuals', 'error': 'Prediction Error', 'cooks': 'Cooks Distance', 'rfe': 'Feature Selection', 'learning': 'Learning Curve', 'manifold': 'Manifold Learning', 'vc': 'Validation Curve', 'feature': 'Feature Importance', 'feature_all': 'Feature Importance (All)', 'tree': 'Decision Tree', 'residuals_interactive': 'Interactive Residuals'}, train_size=0.9, test_data=None, preprocess=True, imputation_type=simple, iterative_imputation_iters=5, categorical_features=None, categorical_imputation=constant, categorical_iterative_imputer=lightgbm, ordinal_features=None, high_cardinality_features=None, high_cardinality_method=frequency, numeric_features=None, numeric_imputation=mean, numeric_iterative_imputer=lightgbm, date_features=None, ignore_features=None, normalize=True, normalize_method=zscore, transformation=False, transformation_method=yeo-johnson, handle_unknown_categorical=True, unknown_categorical_method=least_frequent, pca=False, pca_method=linear, pca_components=None, ignore_low_variance=False, combine_rare_levels=False, rare_level_threshold=0.1, bin_numeric_features=None, remove_outliers=False, outliers_threshold=0.05, remove_multicollinearity=False, multicollinearity_threshold=0.9, remove_perfect_collinearity=True, create_clusters=False, cluster_iter=20, polynomial_features=False, polynomial_degree=2, trigonometry_features=False, polynomial_threshold=0.1, group_features=None, group_names=None, feature_selection=False, feature_selection_threshold=0.8, feature_selection_method=classic, feature_interaction=False, feature_ratio=False, interaction_threshold=0.01, fix_imbalance=False, fix_imbalance_method=None, transform_target=False, transform_target_method=box-cox, data_split_shuffle=True, data_split_stratify=False, fold_strategy=kfold, fold=3, fold_shuffle=False, fold_groups=None, n_jobs=-1, use_gpu=False, custom_pipeline=None, html=True, session_id=69, log_experiment=False, experiment_name=None, experiment_custom_tags=None, log_plots=False, log_profile=False, log_data=False, silent=False, verbose=True, profile=False, profile_kwargs=None, display=None)
2023-05-01 02:10:15,335:INFO:Checking environment
2023-05-01 02:10:15,335:INFO:python_version: 3.7.16
2023-05-01 02:10:15,335:INFO:python_build: ('default', 'Jan 17 2023 16:06:28')
2023-05-01 02:10:15,335:INFO:machine: AMD64
2023-05-01 02:10:15,335:INFO:platform: Windows-10-10.0.19041-SP0
2023-05-01 02:10:15,352:INFO:Memory: svmem(total=8399073280, available=777719808, percent=90.7, used=7621353472, free=777719808)
2023-05-01 02:10:15,352:INFO:Physical Core: 6
2023-05-01 02:10:15,353:INFO:Logical Core: 12
2023-05-01 02:10:15,353:INFO:Checking libraries
2023-05-01 02:10:15,353:INFO:pd==1.3.5
2023-05-01 02:10:15,353:INFO:numpy==1.21.6
2023-05-01 02:10:15,353:INFO:sklearn==0.23.2
2023-05-01 02:10:15,354:INFO:lightgbm==3.3.2
2023-05-01 02:10:15,356:WARNING:catboost not found
2023-05-01 02:10:15,638:INFO:xgboost==1.6.2
2023-05-01 02:10:15,638:INFO:mlflow==1.29.0
2023-05-01 02:10:15,639:INFO:Checking Exceptions
2023-05-01 02:10:15,639:INFO:Declaring global variables
2023-05-01 02:10:15,639:INFO:USI: 3c29
2023-05-01 02:10:15,639:INFO:pycaret_globals: {'y_test', 'master_model_container', 'fold_groups_param_full', '_all_models_internal', 'fix_imbalance_param', 'dashboard_logger', 'iterative_imputation_iters_param', 'imputation_classifier', 'display_container', 'target_param', 'transform_target_param', 'seed', 'fold_generator', 'exp_name_log', 'fold_param', 'fold_groups_param', 'gpu_param', 'X_train', 'USI', 'fold_shuffle_param', '_all_metrics', 'X_test', 'X', 'imputation_regressor', '_gpu_n_jobs_param', '_all_models', 'n_jobs_param', 'fix_imbalance_method_param', 'log_plots_param', '_available_plots', 'prep_pipe', 'y', 'transform_target_method_param', 'experiment__', '_ml_usecase', 'html_param', 'stratify_param', 'create_model_container', 'y_train', '_internal_pipeline', 'pycaret_globals', 'logging_param', 'data_before_preprocess'}
2023-05-01 02:10:15,639:INFO:Preparing display monitor
2023-05-01 02:10:15,639:INFO:Preparing display monitor
2023-05-01 02:10:15,672:INFO:Importing libraries
2023-05-01 02:10:15,673:INFO:Copying data for preprocessing
2023-05-01 02:10:15,737:INFO:Declaring preprocessing parameters
2023-05-01 02:10:15,749:INFO:Creating preprocessing pipeline
2023-05-01 02:10:15,863:INFO:Preprocessing pipeline created successfully
2023-05-01 02:10:15,863:ERROR:(Process Exit): setup has been interupted with user command 'quit'. setup must rerun.
2023-05-01 02:10:15,864:INFO:Creating global containers
2023-05-01 02:10:15,870:INFO:Internal pipeline: Pipeline(memory=None, steps=[('empty_step', 'passthrough')], verbose=False)
2023-05-01 02:10:20,486:WARNING:Couldn't import catboost.CatBoostRegressor
2023-05-01 02:10:20,617:WARNING:Couldn't import catboost.CatBoostRegressor
2023-05-01 02:10:20,618:INFO:Creating grid variables
2023-05-01 02:10:20,641:INFO:create_model_container: 0
2023-05-01 02:10:20,641:INFO:master_model_container: 0
2023-05-01 02:10:20,642:INFO:display_container: 1
2023-05-01 02:10:20,648:INFO:Pipeline(memory=None,
         steps=[('dtypes',
                 DataTypes_Auto_infer(categorical_features=[],
                                      display_types=True, features_todrop=[],
                                      id_columns=[], ml_usecase='regression',
                                      numerical_features=[],
                                      target='Water Level', time_features=[])),
                ('imputer',
                 Simple_Imputer(categorical_strategy='not_available',
                                fill_value_categorical=None,
                                fill_value_numerical=None,
                                numeric_strat...
                ('P_transform', 'passthrough'), ('binn', 'passthrough'),
                ('rem_outliers', 'passthrough'), ('cluster_all', 'passthrough'),
                ('dummy', Dummify(target='Water Level')),
                ('fix_perfect', Remove_100(target='Water Level')),
                ('clean_names', Clean_Colum_Names()),
                ('feature_select', 'passthrough'), ('fix_multi', 'passthrough'),
                ('dfs', 'passthrough'), ('pca', 'passthrough')],
         verbose=False)
2023-05-01 02:10:20,648:INFO:setup() succesfully completed......................................
2023-05-01 02:10:20,935:INFO:Initializing compare_models()
2023-05-01 02:10:20,936:INFO:compare_models(include=None, fold=None, round=4, cross_validation=True, sort=R2, n_select=4, budget_time=None, turbo=True, errors=ignore, fit_kwargs=None, groups=None, experiment_custom_tags=None, probability_threshold=None, verbose=True, display=None, exclude=None)
2023-05-01 02:10:20,937:INFO:Checking exceptions
2023-05-01 02:10:20,938:INFO:Preparing display monitor
2023-05-01 02:10:20,938:INFO:Preparing display monitor
2023-05-01 02:10:20,992:INFO:Initializing Linear Regression
2023-05-01 02:10:20,992:INFO:Total runtime is 1.6518433888753255e-05 minutes
2023-05-01 02:10:21,011:INFO:SubProcess create_model() called ==================================
2023-05-01 02:10:21,012:INFO:Initializing create_model()
2023-05-01 02:10:21,012:INFO:create_model(estimator=lr, fold=KFold(n_splits=3, random_state=None, shuffle=False), round=4, cross_validation=True, predict=True, fit_kwargs={}, groups=None, refit=False, verbose=False, system=False, metrics=None, experiment_custom_tags=None, add_to_model_list=True, probability_threshold=None, display=<pycaret.internal.Display.Display object at 0x000002046CE6AC08>, return_train_score=False, kwargs={})
2023-05-01 02:10:21,012:INFO:Checking exceptions
2023-05-01 02:10:21,012:INFO:Importing libraries
2023-05-01 02:10:21,013:INFO:Copying training dataset
2023-05-01 02:10:21,024:INFO:Defining folds
2023-05-01 02:10:21,024:INFO:Declaring metric variables
2023-05-01 02:10:21,043:INFO:Importing untrained model
2023-05-01 02:10:21,055:INFO:Linear Regression Imported succesfully
2023-05-01 02:10:21,083:INFO:Starting cross validation
2023-05-01 02:10:21,090:INFO:Cross validating with KFold(n_splits=3, random_state=None, shuffle=False), n_jobs=-1
2023-05-01 02:10:32,740:INFO:Calculating mean and std
2023-05-01 02:10:32,744:INFO:Creating metrics dataframe
2023-05-01 02:10:32,757:INFO:Uploading results into container
2023-05-01 02:10:32,759:INFO:Uploading model into container now
2023-05-01 02:10:32,759:INFO:create_model_container: 1
2023-05-01 02:10:32,760:INFO:master_model_container: 1
2023-05-01 02:10:32,760:INFO:display_container: 2
2023-05-01 02:10:32,761:INFO:LinearRegression(copy_X=True, fit_intercept=True, n_jobs=-1, normalize=False)
2023-05-01 02:10:32,761:INFO:create_model() succesfully completed......................................
2023-05-01 02:10:33,039:INFO:SubProcess create_model() end ==================================
2023-05-01 02:10:33,039:INFO:Creating metrics dataframe
2023-05-01 02:10:33,069:INFO:Initializing Lasso Regression
2023-05-01 02:10:33,070:INFO:Total runtime is 0.20131570100784302 minutes
2023-05-01 02:10:33,083:INFO:SubProcess create_model() called ==================================
2023-05-01 02:10:33,084:INFO:Initializing create_model()
2023-05-01 02:10:33,084:INFO:create_model(estimator=lasso, fold=KFold(n_splits=3, random_state=None, shuffle=False), round=4, cross_validation=True, predict=True, fit_kwargs={}, groups=None, refit=False, verbose=False, system=False, metrics=None, experiment_custom_tags=None, add_to_model_list=True, probability_threshold=None, display=<pycaret.internal.Display.Display object at 0x000002046CE6AC08>, return_train_score=False, kwargs={})
2023-05-01 02:10:33,084:INFO:Checking exceptions
2023-05-01 02:10:33,084:INFO:Importing libraries
2023-05-01 02:10:33,085:INFO:Copying training dataset
2023-05-01 02:10:33,098:INFO:Defining folds
2023-05-01 02:10:33,098:INFO:Declaring metric variables
2023-05-01 02:10:33,115:INFO:Importing untrained model
2023-05-01 02:10:33,138:INFO:Lasso Regression Imported succesfully
2023-05-01 02:10:33,180:INFO:Starting cross validation
2023-05-01 02:10:33,181:INFO:Cross validating with KFold(n_splits=3, random_state=None, shuffle=False), n_jobs=-1
2023-05-01 02:10:38,875:INFO:Calculating mean and std
2023-05-01 02:10:38,881:INFO:Creating metrics dataframe
2023-05-01 02:10:38,891:INFO:Uploading results into container
2023-05-01 02:10:38,892:INFO:Uploading model into container now
2023-05-01 02:10:38,892:INFO:create_model_container: 2
2023-05-01 02:10:38,892:INFO:master_model_container: 2
2023-05-01 02:10:38,892:INFO:display_container: 2
2023-05-01 02:10:38,893:INFO:Lasso(alpha=1.0, copy_X=True, fit_intercept=True, max_iter=1000,
      normalize=False, positive=False, precompute=False, random_state=69,
      selection='cyclic', tol=0.0001, warm_start=False)
2023-05-01 02:10:38,893:INFO:create_model() succesfully completed......................................
2023-05-01 02:10:39,056:INFO:SubProcess create_model() end ==================================
2023-05-01 02:10:39,056:INFO:Creating metrics dataframe
2023-05-01 02:10:39,078:INFO:Initializing Ridge Regression
2023-05-01 02:10:39,078:INFO:Total runtime is 0.3014515399932861 minutes
2023-05-01 02:10:39,090:INFO:SubProcess create_model() called ==================================
2023-05-01 02:10:39,091:INFO:Initializing create_model()
2023-05-01 02:10:39,091:INFO:create_model(estimator=ridge, fold=KFold(n_splits=3, random_state=None, shuffle=False), round=4, cross_validation=True, predict=True, fit_kwargs={}, groups=None, refit=False, verbose=False, system=False, metrics=None, experiment_custom_tags=None, add_to_model_list=True, probability_threshold=None, display=<pycaret.internal.Display.Display object at 0x000002046CE6AC08>, return_train_score=False, kwargs={})
2023-05-01 02:10:39,091:INFO:Checking exceptions
2023-05-01 02:10:39,091:INFO:Importing libraries
2023-05-01 02:10:39,092:INFO:Copying training dataset
2023-05-01 02:10:39,099:INFO:Defining folds
2023-05-01 02:10:39,099:INFO:Declaring metric variables
2023-05-01 02:10:39,118:INFO:Importing untrained model
2023-05-01 02:10:39,130:INFO:Ridge Regression Imported succesfully
2023-05-01 02:10:39,166:INFO:Starting cross validation
2023-05-01 02:10:39,167:INFO:Cross validating with KFold(n_splits=3, random_state=None, shuffle=False), n_jobs=-1
2023-05-01 02:10:43,212:INFO:Calculating mean and std
2023-05-01 02:10:43,214:INFO:Creating metrics dataframe
2023-05-01 02:10:43,221:INFO:Uploading results into container
2023-05-01 02:10:43,221:INFO:Uploading model into container now
2023-05-01 02:10:43,221:INFO:create_model_container: 3
2023-05-01 02:10:43,221:INFO:master_model_container: 3
2023-05-01 02:10:43,221:INFO:display_container: 2
2023-05-01 02:10:43,221:INFO:Ridge(alpha=1.0, copy_X=True, fit_intercept=True, max_iter=None,
      normalize=False, random_state=69, solver='auto', tol=0.001)
2023-05-01 02:10:43,222:INFO:create_model() succesfully completed......................................
2023-05-01 02:10:43,356:INFO:SubProcess create_model() end ==================================
2023-05-01 02:10:43,356:INFO:Creating metrics dataframe
2023-05-01 02:10:43,370:INFO:Initializing Elastic Net
2023-05-01 02:10:43,370:INFO:Total runtime is 0.3729951779047648 minutes
2023-05-01 02:10:43,388:INFO:SubProcess create_model() called ==================================
2023-05-01 02:10:43,388:INFO:Initializing create_model()
2023-05-01 02:10:43,388:INFO:create_model(estimator=en, fold=KFold(n_splits=3, random_state=None, shuffle=False), round=4, cross_validation=True, predict=True, fit_kwargs={}, groups=None, refit=False, verbose=False, system=False, metrics=None, experiment_custom_tags=None, add_to_model_list=True, probability_threshold=None, display=<pycaret.internal.Display.Display object at 0x000002046CE6AC08>, return_train_score=False, kwargs={})
2023-05-01 02:10:43,389:INFO:Checking exceptions
2023-05-01 02:10:43,389:INFO:Importing libraries
2023-05-01 02:10:43,389:INFO:Copying training dataset
2023-05-01 02:10:43,398:INFO:Defining folds
2023-05-01 02:10:43,398:INFO:Declaring metric variables
2023-05-01 02:10:43,420:INFO:Importing untrained model
2023-05-01 02:10:43,436:INFO:Elastic Net Imported succesfully
2023-05-01 02:10:43,489:INFO:Starting cross validation
2023-05-01 02:10:43,490:INFO:Cross validating with KFold(n_splits=3, random_state=None, shuffle=False), n_jobs=-1
2023-05-01 02:10:48,190:INFO:Calculating mean and std
2023-05-01 02:10:48,191:INFO:Creating metrics dataframe
2023-05-01 02:10:48,205:INFO:Uploading results into container
2023-05-01 02:10:48,206:INFO:Uploading model into container now
2023-05-01 02:10:48,207:INFO:create_model_container: 4
2023-05-01 02:10:48,207:INFO:master_model_container: 4
2023-05-01 02:10:48,207:INFO:display_container: 2
2023-05-01 02:10:48,207:INFO:ElasticNet(alpha=1.0, copy_X=True, fit_intercept=True, l1_ratio=0.5,
           max_iter=1000, normalize=False, positive=False, precompute=False,
           random_state=69, selection='cyclic', tol=0.0001, warm_start=False)
2023-05-01 02:10:48,207:INFO:create_model() succesfully completed......................................
2023-05-01 02:10:48,374:INFO:SubProcess create_model() end ==================================
2023-05-01 02:10:48,374:INFO:Creating metrics dataframe
2023-05-01 02:10:48,396:INFO:Initializing Least Angle Regression
2023-05-01 02:10:48,397:INFO:Total runtime is 0.45676659742991127 minutes
2023-05-01 02:10:48,414:INFO:SubProcess create_model() called ==================================
2023-05-01 02:10:48,415:INFO:Initializing create_model()
2023-05-01 02:10:48,415:INFO:create_model(estimator=lar, fold=KFold(n_splits=3, random_state=None, shuffle=False), round=4, cross_validation=True, predict=True, fit_kwargs={}, groups=None, refit=False, verbose=False, system=False, metrics=None, experiment_custom_tags=None, add_to_model_list=True, probability_threshold=None, display=<pycaret.internal.Display.Display object at 0x000002046CE6AC08>, return_train_score=False, kwargs={})
2023-05-01 02:10:48,415:INFO:Checking exceptions
2023-05-01 02:10:48,416:INFO:Importing libraries
2023-05-01 02:10:48,416:INFO:Copying training dataset
2023-05-01 02:10:48,423:INFO:Defining folds
2023-05-01 02:10:48,423:INFO:Declaring metric variables
2023-05-01 02:10:48,444:INFO:Importing untrained model
2023-05-01 02:10:48,455:INFO:Least Angle Regression Imported succesfully
2023-05-01 02:10:48,485:INFO:Starting cross validation
2023-05-01 02:10:48,486:INFO:Cross validating with KFold(n_splits=3, random_state=None, shuffle=False), n_jobs=-1
2023-05-01 02:10:49,015:INFO:Calculating mean and std
2023-05-01 02:10:49,017:INFO:Creating metrics dataframe
2023-05-01 02:10:49,022:INFO:Uploading results into container
2023-05-01 02:10:49,023:INFO:Uploading model into container now
2023-05-01 02:10:49,023:INFO:create_model_container: 5
2023-05-01 02:10:49,023:INFO:master_model_container: 5
2023-05-01 02:10:49,023:INFO:display_container: 2
2023-05-01 02:10:49,026:INFO:Lars(copy_X=True, eps=2.220446049250313e-16, fit_intercept=True, fit_path=True,
     jitter=None, n_nonzero_coefs=500, normalize=True, precompute='auto',
     random_state=69, verbose=False)
2023-05-01 02:10:49,027:INFO:create_model() succesfully completed......................................
2023-05-01 02:10:49,153:INFO:SubProcess create_model() end ==================================
2023-05-01 02:10:49,154:INFO:Creating metrics dataframe
2023-05-01 02:10:49,179:INFO:Initializing Lasso Least Angle Regression
2023-05-01 02:10:49,179:INFO:Total runtime is 0.4698012630144755 minutes
2023-05-01 02:10:49,187:INFO:SubProcess create_model() called ==================================
2023-05-01 02:10:49,188:INFO:Initializing create_model()
2023-05-01 02:10:49,188:INFO:create_model(estimator=llar, fold=KFold(n_splits=3, random_state=None, shuffle=False), round=4, cross_validation=True, predict=True, fit_kwargs={}, groups=None, refit=False, verbose=False, system=False, metrics=None, experiment_custom_tags=None, add_to_model_list=True, probability_threshold=None, display=<pycaret.internal.Display.Display object at 0x000002046CE6AC08>, return_train_score=False, kwargs={})
2023-05-01 02:10:49,188:INFO:Checking exceptions
2023-05-01 02:10:49,188:INFO:Importing libraries
2023-05-01 02:10:49,188:INFO:Copying training dataset
2023-05-01 02:10:49,203:INFO:Defining folds
2023-05-01 02:10:49,204:INFO:Declaring metric variables
2023-05-01 02:10:49,216:INFO:Importing untrained model
2023-05-01 02:10:49,225:INFO:Lasso Least Angle Regression Imported succesfully
2023-05-01 02:10:49,254:INFO:Starting cross validation
2023-05-01 02:10:49,254:INFO:Cross validating with KFold(n_splits=3, random_state=None, shuffle=False), n_jobs=-1
2023-05-01 02:10:49,748:INFO:Calculating mean and std
2023-05-01 02:10:49,749:INFO:Creating metrics dataframe
2023-05-01 02:10:49,753:INFO:Uploading results into container
2023-05-01 02:10:49,753:INFO:Uploading model into container now
2023-05-01 02:10:49,753:INFO:create_model_container: 6
2023-05-01 02:10:49,753:INFO:master_model_container: 6
2023-05-01 02:10:49,753:INFO:display_container: 2
2023-05-01 02:10:49,754:INFO:LassoLars(alpha=1.0, copy_X=True, eps=2.220446049250313e-16, fit_intercept=True,
          fit_path=True, jitter=None, max_iter=500, normalize=True,
          positive=False, precompute='auto', random_state=69, verbose=False)
2023-05-01 02:10:49,754:INFO:create_model() succesfully completed......................................
2023-05-01 02:10:49,873:INFO:SubProcess create_model() end ==================================
2023-05-01 02:10:49,873:INFO:Creating metrics dataframe
2023-05-01 02:10:49,888:INFO:Initializing Orthogonal Matching Pursuit
2023-05-01 02:10:49,888:INFO:Total runtime is 0.48161760171254475 minutes
2023-05-01 02:10:49,905:INFO:SubProcess create_model() called ==================================
2023-05-01 02:10:49,905:INFO:Initializing create_model()
2023-05-01 02:10:49,905:INFO:create_model(estimator=omp, fold=KFold(n_splits=3, random_state=None, shuffle=False), round=4, cross_validation=True, predict=True, fit_kwargs={}, groups=None, refit=False, verbose=False, system=False, metrics=None, experiment_custom_tags=None, add_to_model_list=True, probability_threshold=None, display=<pycaret.internal.Display.Display object at 0x000002046CE6AC08>, return_train_score=False, kwargs={})
2023-05-01 02:10:49,905:INFO:Checking exceptions
2023-05-01 02:10:49,905:INFO:Importing libraries
2023-05-01 02:10:49,906:INFO:Copying training dataset
2023-05-01 02:10:49,914:INFO:Defining folds
2023-05-01 02:10:49,914:INFO:Declaring metric variables
2023-05-01 02:10:49,923:INFO:Importing untrained model
2023-05-01 02:10:49,931:INFO:Orthogonal Matching Pursuit Imported succesfully
2023-05-01 02:10:49,963:INFO:Starting cross validation
2023-05-01 02:10:49,964:INFO:Cross validating with KFold(n_splits=3, random_state=None, shuffle=False), n_jobs=-1
2023-05-01 02:10:50,510:INFO:Calculating mean and std
2023-05-01 02:10:50,511:INFO:Creating metrics dataframe
2023-05-01 02:10:50,515:INFO:Uploading results into container
2023-05-01 02:10:50,515:INFO:Uploading model into container now
2023-05-01 02:10:50,515:INFO:create_model_container: 7
2023-05-01 02:10:50,516:INFO:master_model_container: 7
2023-05-01 02:10:50,516:INFO:display_container: 2
2023-05-01 02:10:50,516:INFO:OrthogonalMatchingPursuit(fit_intercept=True, n_nonzero_coefs=None,
                          normalize=True, precompute='auto', tol=None)
2023-05-01 02:10:50,516:INFO:create_model() succesfully completed......................................
2023-05-01 02:10:50,659:INFO:SubProcess create_model() end ==================================
2023-05-01 02:10:50,659:INFO:Creating metrics dataframe
2023-05-01 02:10:50,682:INFO:Initializing Bayesian Ridge
2023-05-01 02:10:50,682:INFO:Total runtime is 0.4948616067568461 minutes
2023-05-01 02:10:50,691:INFO:SubProcess create_model() called ==================================
2023-05-01 02:10:50,691:INFO:Initializing create_model()
2023-05-01 02:10:50,691:INFO:create_model(estimator=br, fold=KFold(n_splits=3, random_state=None, shuffle=False), round=4, cross_validation=True, predict=True, fit_kwargs={}, groups=None, refit=False, verbose=False, system=False, metrics=None, experiment_custom_tags=None, add_to_model_list=True, probability_threshold=None, display=<pycaret.internal.Display.Display object at 0x000002046CE6AC08>, return_train_score=False, kwargs={})
2023-05-01 02:10:50,691:INFO:Checking exceptions
2023-05-01 02:10:50,691:INFO:Importing libraries
2023-05-01 02:10:50,692:INFO:Copying training dataset
2023-05-01 02:10:50,696:INFO:Defining folds
2023-05-01 02:10:50,696:INFO:Declaring metric variables
2023-05-01 02:10:50,716:INFO:Importing untrained model
2023-05-01 02:10:50,726:INFO:Bayesian Ridge Imported succesfully
2023-05-01 02:10:50,758:INFO:Starting cross validation
2023-05-01 02:10:50,758:INFO:Cross validating with KFold(n_splits=3, random_state=None, shuffle=False), n_jobs=-1
2023-05-01 02:10:53,049:INFO:Calculating mean and std
2023-05-01 02:10:53,053:INFO:Creating metrics dataframe
2023-05-01 02:10:53,060:INFO:Uploading results into container
2023-05-01 02:10:53,060:INFO:Uploading model into container now
2023-05-01 02:10:53,060:INFO:create_model_container: 8
2023-05-01 02:10:53,060:INFO:master_model_container: 8
2023-05-01 02:10:53,060:INFO:display_container: 2
2023-05-01 02:10:53,061:INFO:BayesianRidge(alpha_1=1e-06, alpha_2=1e-06, alpha_init=None,
              compute_score=False, copy_X=True, fit_intercept=True,
              lambda_1=1e-06, lambda_2=1e-06, lambda_init=None, n_iter=300,
              normalize=False, tol=0.001, verbose=False)
2023-05-01 02:10:53,061:INFO:create_model() succesfully completed......................................
2023-05-01 02:10:53,245:INFO:SubProcess create_model() end ==================================
2023-05-01 02:10:53,245:INFO:Creating metrics dataframe
2023-05-01 02:10:53,261:INFO:Initializing Passive Aggressive Regressor
2023-05-01 02:10:53,262:INFO:Total runtime is 0.5378637790679931 minutes
2023-05-01 02:10:53,281:INFO:SubProcess create_model() called ==================================
2023-05-01 02:10:53,281:INFO:Initializing create_model()
2023-05-01 02:10:53,282:INFO:create_model(estimator=par, fold=KFold(n_splits=3, random_state=None, shuffle=False), round=4, cross_validation=True, predict=True, fit_kwargs={}, groups=None, refit=False, verbose=False, system=False, metrics=None, experiment_custom_tags=None, add_to_model_list=True, probability_threshold=None, display=<pycaret.internal.Display.Display object at 0x000002046CE6AC08>, return_train_score=False, kwargs={})
2023-05-01 02:10:53,282:INFO:Checking exceptions
2023-05-01 02:10:53,283:INFO:Importing libraries
2023-05-01 02:10:53,283:INFO:Copying training dataset
2023-05-01 02:10:53,290:INFO:Defining folds
2023-05-01 02:10:53,291:INFO:Declaring metric variables
2023-05-01 02:10:53,309:INFO:Importing untrained model
2023-05-01 02:10:53,321:INFO:Passive Aggressive Regressor Imported succesfully
2023-05-01 02:10:53,357:INFO:Starting cross validation
2023-05-01 02:10:53,358:INFO:Cross validating with KFold(n_splits=3, random_state=None, shuffle=False), n_jobs=-1
2023-05-01 02:10:54,309:INFO:Calculating mean and std
2023-05-01 02:10:54,312:INFO:Creating metrics dataframe
2023-05-01 02:10:54,318:INFO:Uploading results into container
2023-05-01 02:10:54,318:INFO:Uploading model into container now
2023-05-01 02:10:54,318:INFO:create_model_container: 9
2023-05-01 02:10:54,318:INFO:master_model_container: 9
2023-05-01 02:10:54,318:INFO:display_container: 2
2023-05-01 02:10:54,319:INFO:PassiveAggressiveRegressor(C=1.0, average=False, early_stopping=False,
                           epsilon=0.1, fit_intercept=True,
                           loss='epsilon_insensitive', max_iter=1000,
                           n_iter_no_change=5, random_state=69, shuffle=True,
                           tol=0.001, validation_fraction=0.1, verbose=0,
                           warm_start=False)
2023-05-01 02:10:54,319:INFO:create_model() succesfully completed......................................
2023-05-01 02:10:54,425:INFO:SubProcess create_model() end ==================================
2023-05-01 02:10:54,425:INFO:Creating metrics dataframe
2023-05-01 02:10:54,454:INFO:Initializing Huber Regressor
2023-05-01 02:10:54,454:INFO:Total runtime is 0.5577310562133788 minutes
2023-05-01 02:10:54,466:INFO:SubProcess create_model() called ==================================
2023-05-01 02:10:54,467:INFO:Initializing create_model()
2023-05-01 02:10:54,467:INFO:create_model(estimator=huber, fold=KFold(n_splits=3, random_state=None, shuffle=False), round=4, cross_validation=True, predict=True, fit_kwargs={}, groups=None, refit=False, verbose=False, system=False, metrics=None, experiment_custom_tags=None, add_to_model_list=True, probability_threshold=None, display=<pycaret.internal.Display.Display object at 0x000002046CE6AC08>, return_train_score=False, kwargs={})
2023-05-01 02:10:54,467:INFO:Checking exceptions
2023-05-01 02:10:54,467:INFO:Importing libraries
2023-05-01 02:10:54,468:INFO:Copying training dataset
2023-05-01 02:10:54,484:INFO:Defining folds
2023-05-01 02:10:54,484:INFO:Declaring metric variables
2023-05-01 02:10:54,493:INFO:Importing untrained model
2023-05-01 02:10:54,513:INFO:Huber Regressor Imported succesfully
2023-05-01 02:10:54,544:INFO:Starting cross validation
2023-05-01 02:10:54,546:INFO:Cross validating with KFold(n_splits=3, random_state=None, shuffle=False), n_jobs=-1
2023-05-01 02:11:06,347:INFO:Calculating mean and std
2023-05-01 02:11:06,350:INFO:Creating metrics dataframe
2023-05-01 02:11:06,358:INFO:Uploading results into container
2023-05-01 02:11:06,358:INFO:Uploading model into container now
2023-05-01 02:11:06,358:INFO:create_model_container: 10
2023-05-01 02:11:06,358:INFO:master_model_container: 10
2023-05-01 02:11:06,358:INFO:display_container: 2
2023-05-01 02:11:06,359:INFO:HuberRegressor(alpha=0.0001, epsilon=1.35, fit_intercept=True, max_iter=100,
               tol=1e-05, warm_start=False)
2023-05-01 02:11:06,359:INFO:create_model() succesfully completed......................................
2023-05-01 02:11:06,477:INFO:SubProcess create_model() end ==================================
2023-05-01 02:11:06,478:INFO:Creating metrics dataframe
2023-05-01 02:11:06,498:INFO:Initializing K Neighbors Regressor
2023-05-01 02:11:06,498:INFO:Total runtime is 0.7584593057632445 minutes
2023-05-01 02:11:06,507:INFO:SubProcess create_model() called ==================================
2023-05-01 02:11:06,509:INFO:Initializing create_model()
2023-05-01 02:11:06,510:INFO:create_model(estimator=knn, fold=KFold(n_splits=3, random_state=None, shuffle=False), round=4, cross_validation=True, predict=True, fit_kwargs={}, groups=None, refit=False, verbose=False, system=False, metrics=None, experiment_custom_tags=None, add_to_model_list=True, probability_threshold=None, display=<pycaret.internal.Display.Display object at 0x000002046CE6AC08>, return_train_score=False, kwargs={})
2023-05-01 02:11:06,510:INFO:Checking exceptions
2023-05-01 02:11:06,511:INFO:Importing libraries
2023-05-01 02:11:06,511:INFO:Copying training dataset
2023-05-01 02:11:06,525:INFO:Defining folds
2023-05-01 02:11:06,526:INFO:Declaring metric variables
2023-05-01 02:11:06,534:INFO:Importing untrained model
2023-05-01 02:11:06,555:INFO:K Neighbors Regressor Imported succesfully
2023-05-01 02:11:06,570:INFO:Starting cross validation
2023-05-01 02:11:06,570:INFO:Cross validating with KFold(n_splits=3, random_state=None, shuffle=False), n_jobs=-1
2023-05-01 02:11:33,172:INFO:Calculating mean and std
2023-05-01 02:11:33,173:INFO:Creating metrics dataframe
2023-05-01 02:11:33,179:INFO:Uploading results into container
2023-05-01 02:11:33,179:INFO:Uploading model into container now
2023-05-01 02:11:33,180:INFO:create_model_container: 11
2023-05-01 02:11:33,180:INFO:master_model_container: 11
2023-05-01 02:11:33,180:INFO:display_container: 2
2023-05-01 02:11:33,181:INFO:KNeighborsRegressor(algorithm='auto', leaf_size=30, metric='minkowski',
                    metric_params=None, n_jobs=-1, n_neighbors=5, p=2,
                    weights='uniform')
2023-05-01 02:11:33,181:INFO:create_model() succesfully completed......................................
2023-05-01 02:11:33,303:INFO:SubProcess create_model() end ==================================
2023-05-01 02:11:33,303:INFO:Creating metrics dataframe
2023-05-01 02:11:33,330:INFO:Initializing Decision Tree Regressor
2023-05-01 02:11:33,331:INFO:Total runtime is 1.205670098463694 minutes
2023-05-01 02:11:33,345:INFO:SubProcess create_model() called ==================================
2023-05-01 02:11:33,347:INFO:Initializing create_model()
2023-05-01 02:11:33,348:INFO:create_model(estimator=dt, fold=KFold(n_splits=3, random_state=None, shuffle=False), round=4, cross_validation=True, predict=True, fit_kwargs={}, groups=None, refit=False, verbose=False, system=False, metrics=None, experiment_custom_tags=None, add_to_model_list=True, probability_threshold=None, display=<pycaret.internal.Display.Display object at 0x000002046CE6AC08>, return_train_score=False, kwargs={})
2023-05-01 02:11:33,348:INFO:Checking exceptions
2023-05-01 02:11:33,348:INFO:Importing libraries
2023-05-01 02:11:33,348:INFO:Copying training dataset
2023-05-01 02:11:33,364:INFO:Defining folds
2023-05-01 02:11:33,365:INFO:Declaring metric variables
2023-05-01 02:11:33,376:INFO:Importing untrained model
2023-05-01 02:11:33,396:INFO:Decision Tree Regressor Imported succesfully
2023-05-01 02:11:33,434:INFO:Starting cross validation
2023-05-01 02:11:33,437:INFO:Cross validating with KFold(n_splits=3, random_state=None, shuffle=False), n_jobs=-1
2023-05-01 02:11:34,773:INFO:Calculating mean and std
2023-05-01 02:11:34,775:INFO:Creating metrics dataframe
2023-05-01 02:11:34,780:INFO:Uploading results into container
2023-05-01 02:11:34,780:INFO:Uploading model into container now
2023-05-01 02:11:34,780:INFO:create_model_container: 12
2023-05-01 02:11:34,780:INFO:master_model_container: 12
2023-05-01 02:11:34,781:INFO:display_container: 2
2023-05-01 02:11:34,781:INFO:DecisionTreeRegressor(ccp_alpha=0.0, criterion='mse', max_depth=None,
                      max_features=None, max_leaf_nodes=None,
                      min_impurity_decrease=0.0, min_impurity_split=None,
                      min_samples_leaf=1, min_samples_split=2,
                      min_weight_fraction_leaf=0.0, presort='deprecated',
                      random_state=69, splitter='best')
2023-05-01 02:11:34,781:INFO:create_model() succesfully completed......................................
2023-05-01 02:11:34,902:INFO:SubProcess create_model() end ==================================
2023-05-01 02:11:34,902:INFO:Creating metrics dataframe
2023-05-01 02:11:34,922:INFO:Initializing Random Forest Regressor
2023-05-01 02:11:34,923:INFO:Total runtime is 1.2322099924087524 minutes
2023-05-01 02:11:34,941:INFO:SubProcess create_model() called ==================================
2023-05-01 02:11:34,942:INFO:Initializing create_model()
2023-05-01 02:11:34,942:INFO:create_model(estimator=rf, fold=KFold(n_splits=3, random_state=None, shuffle=False), round=4, cross_validation=True, predict=True, fit_kwargs={}, groups=None, refit=False, verbose=False, system=False, metrics=None, experiment_custom_tags=None, add_to_model_list=True, probability_threshold=None, display=<pycaret.internal.Display.Display object at 0x000002046CE6AC08>, return_train_score=False, kwargs={})
2023-05-01 02:11:34,943:INFO:Checking exceptions
2023-05-01 02:11:34,943:INFO:Importing libraries
2023-05-01 02:11:34,944:INFO:Copying training dataset
2023-05-01 02:11:34,953:INFO:Defining folds
2023-05-01 02:11:34,954:INFO:Declaring metric variables
2023-05-01 02:11:34,973:INFO:Importing untrained model
2023-05-01 02:11:34,995:INFO:Random Forest Regressor Imported succesfully
2023-05-01 02:11:35,038:INFO:Starting cross validation
2023-05-01 02:11:35,039:INFO:Cross validating with KFold(n_splits=3, random_state=None, shuffle=False), n_jobs=-1
2023-05-01 02:12:10,780:INFO:Calculating mean and std
2023-05-01 02:12:10,792:INFO:Creating metrics dataframe
2023-05-01 02:12:10,805:INFO:Uploading results into container
2023-05-01 02:12:10,805:INFO:Uploading model into container now
2023-05-01 02:12:10,805:INFO:create_model_container: 13
2023-05-01 02:12:10,805:INFO:master_model_container: 13
2023-05-01 02:12:10,805:INFO:display_container: 2
2023-05-01 02:12:10,807:INFO:RandomForestRegressor(bootstrap=True, ccp_alpha=0.0, criterion='mse',
                      max_depth=None, max_features='auto', max_leaf_nodes=None,
                      max_samples=None, min_impurity_decrease=0.0,
                      min_impurity_split=None, min_samples_leaf=1,
                      min_samples_split=2, min_weight_fraction_leaf=0.0,
                      n_estimators=100, n_jobs=-1, oob_score=False,
                      random_state=69, verbose=0, warm_start=False)
2023-05-01 02:12:10,807:INFO:create_model() succesfully completed......................................
2023-05-01 02:12:11,002:INFO:SubProcess create_model() end ==================================
2023-05-01 02:12:11,003:INFO:Creating metrics dataframe
2023-05-01 02:12:11,028:INFO:Initializing Extra Trees Regressor
2023-05-01 02:12:11,028:INFO:Total runtime is 1.8339612404505412 minutes
2023-05-01 02:12:11,040:INFO:SubProcess create_model() called ==================================
2023-05-01 02:12:11,040:INFO:Initializing create_model()
2023-05-01 02:12:11,040:INFO:create_model(estimator=et, fold=KFold(n_splits=3, random_state=None, shuffle=False), round=4, cross_validation=True, predict=True, fit_kwargs={}, groups=None, refit=False, verbose=False, system=False, metrics=None, experiment_custom_tags=None, add_to_model_list=True, probability_threshold=None, display=<pycaret.internal.Display.Display object at 0x000002046CE6AC08>, return_train_score=False, kwargs={})
2023-05-01 02:12:11,040:INFO:Checking exceptions
2023-05-01 02:12:11,041:INFO:Importing libraries
2023-05-01 02:12:11,041:INFO:Copying training dataset
2023-05-01 02:12:11,049:INFO:Defining folds
2023-05-01 02:12:11,049:INFO:Declaring metric variables
2023-05-01 02:12:11,066:INFO:Importing untrained model
2023-05-01 02:12:11,075:INFO:Extra Trees Regressor Imported succesfully
2023-05-01 02:12:11,129:INFO:Starting cross validation
2023-05-01 02:12:11,131:INFO:Cross validating with KFold(n_splits=3, random_state=None, shuffle=False), n_jobs=-1
2023-05-01 02:12:39,251:INFO:Calculating mean and std
2023-05-01 02:12:39,253:INFO:Creating metrics dataframe
2023-05-01 02:12:39,258:INFO:Uploading results into container
2023-05-01 02:12:39,258:INFO:Uploading model into container now
2023-05-01 02:12:39,258:INFO:create_model_container: 14
2023-05-01 02:12:39,258:INFO:master_model_container: 14
2023-05-01 02:12:39,258:INFO:display_container: 2
2023-05-01 02:12:39,259:INFO:ExtraTreesRegressor(bootstrap=False, ccp_alpha=0.0, criterion='mse',
                    max_depth=None, max_features='auto', max_leaf_nodes=None,
                    max_samples=None, min_impurity_decrease=0.0,
                    min_impurity_split=None, min_samples_leaf=1,
                    min_samples_split=2, min_weight_fraction_leaf=0.0,
                    n_estimators=100, n_jobs=-1, oob_score=False,
                    random_state=69, verbose=0, warm_start=False)
2023-05-01 02:12:39,259:INFO:create_model() succesfully completed......................................
2023-05-01 02:12:39,367:INFO:SubProcess create_model() end ==================================
2023-05-01 02:12:39,367:INFO:Creating metrics dataframe
2023-05-01 02:12:39,391:INFO:Initializing AdaBoost Regressor
2023-05-01 02:12:39,391:INFO:Total runtime is 2.306674619515737 minutes
2023-05-01 02:12:39,399:INFO:SubProcess create_model() called ==================================
2023-05-01 02:12:39,400:INFO:Initializing create_model()
2023-05-01 02:12:39,400:INFO:create_model(estimator=ada, fold=KFold(n_splits=3, random_state=None, shuffle=False), round=4, cross_validation=True, predict=True, fit_kwargs={}, groups=None, refit=False, verbose=False, system=False, metrics=None, experiment_custom_tags=None, add_to_model_list=True, probability_threshold=None, display=<pycaret.internal.Display.Display object at 0x000002046CE6AC08>, return_train_score=False, kwargs={})
2023-05-01 02:12:39,400:INFO:Checking exceptions
2023-05-01 02:12:39,400:INFO:Importing libraries
2023-05-01 02:12:39,400:INFO:Copying training dataset
2023-05-01 02:12:39,411:INFO:Defining folds
2023-05-01 02:12:39,412:INFO:Declaring metric variables
2023-05-01 02:12:39,420:INFO:Importing untrained model
2023-05-01 02:12:39,430:INFO:AdaBoost Regressor Imported succesfully
2023-05-01 02:12:39,455:INFO:Starting cross validation
2023-05-01 02:12:39,456:INFO:Cross validating with KFold(n_splits=3, random_state=None, shuffle=False), n_jobs=-1
2023-05-01 02:12:44,895:INFO:Calculating mean and std
2023-05-01 02:12:44,898:INFO:Creating metrics dataframe
2023-05-01 02:12:44,904:INFO:Uploading results into container
2023-05-01 02:12:44,904:INFO:Uploading model into container now
2023-05-01 02:12:44,904:INFO:create_model_container: 15
2023-05-01 02:12:44,905:INFO:master_model_container: 15
2023-05-01 02:12:44,905:INFO:display_container: 2
2023-05-01 02:12:44,905:INFO:AdaBoostRegressor(base_estimator=None, learning_rate=1.0, loss='linear',
                  n_estimators=50, random_state=69)
2023-05-01 02:12:44,905:INFO:create_model() succesfully completed......................................
2023-05-01 02:12:45,019:INFO:SubProcess create_model() end ==================================
2023-05-01 02:12:45,019:INFO:Creating metrics dataframe
2023-05-01 02:12:45,043:INFO:Initializing Gradient Boosting Regressor
2023-05-01 02:12:45,043:INFO:Total runtime is 2.400866468747457 minutes
2023-05-01 02:12:45,054:INFO:SubProcess create_model() called ==================================
2023-05-01 02:12:45,054:INFO:Initializing create_model()
2023-05-01 02:12:45,054:INFO:create_model(estimator=gbr, fold=KFold(n_splits=3, random_state=None, shuffle=False), round=4, cross_validation=True, predict=True, fit_kwargs={}, groups=None, refit=False, verbose=False, system=False, metrics=None, experiment_custom_tags=None, add_to_model_list=True, probability_threshold=None, display=<pycaret.internal.Display.Display object at 0x000002046CE6AC08>, return_train_score=False, kwargs={})
2023-05-01 02:12:45,055:INFO:Checking exceptions
2023-05-01 02:12:45,055:INFO:Importing libraries
2023-05-01 02:12:45,055:INFO:Copying training dataset
2023-05-01 02:12:45,068:INFO:Defining folds
2023-05-01 02:12:45,068:INFO:Declaring metric variables
2023-05-01 02:12:45,078:INFO:Importing untrained model
2023-05-01 02:12:45,088:INFO:Gradient Boosting Regressor Imported succesfully
2023-05-01 02:12:45,111:INFO:Starting cross validation
2023-05-01 02:12:45,111:INFO:Cross validating with KFold(n_splits=3, random_state=None, shuffle=False), n_jobs=-1
2023-05-01 02:12:52,985:INFO:Calculating mean and std
2023-05-01 02:12:52,986:INFO:Creating metrics dataframe
2023-05-01 02:12:52,991:INFO:Uploading results into container
2023-05-01 02:12:52,991:INFO:Uploading model into container now
2023-05-01 02:12:52,991:INFO:create_model_container: 16
2023-05-01 02:12:52,991:INFO:master_model_container: 16
2023-05-01 02:12:52,991:INFO:display_container: 2
2023-05-01 02:12:52,992:INFO:GradientBoostingRegressor(alpha=0.9, ccp_alpha=0.0, criterion='friedman_mse',
                          init=None, learning_rate=0.1, loss='ls', max_depth=3,
                          max_features=None, max_leaf_nodes=None,
                          min_impurity_decrease=0.0, min_impurity_split=None,
                          min_samples_leaf=1, min_samples_split=2,
                          min_weight_fraction_leaf=0.0, n_estimators=100,
                          n_iter_no_change=None, presort='deprecated',
                          random_state=69, subsample=1.0, tol=0.0001,
                          validation_fraction=0.1, verbose=0, warm_start=False)
2023-05-01 02:12:52,992:INFO:create_model() succesfully completed......................................
2023-05-01 02:12:53,088:INFO:SubProcess create_model() end ==================================
2023-05-01 02:12:53,088:INFO:Creating metrics dataframe
2023-05-01 02:12:53,110:INFO:Initializing Extreme Gradient Boosting
2023-05-01 02:12:53,110:INFO:Total runtime is 2.53531661828359 minutes
2023-05-01 02:12:53,119:INFO:SubProcess create_model() called ==================================
2023-05-01 02:12:53,119:INFO:Initializing create_model()
2023-05-01 02:12:53,119:INFO:create_model(estimator=xgboost, fold=KFold(n_splits=3, random_state=None, shuffle=False), round=4, cross_validation=True, predict=True, fit_kwargs={}, groups=None, refit=False, verbose=False, system=False, metrics=None, experiment_custom_tags=None, add_to_model_list=True, probability_threshold=None, display=<pycaret.internal.Display.Display object at 0x000002046CE6AC08>, return_train_score=False, kwargs={})
2023-05-01 02:12:53,120:INFO:Checking exceptions
2023-05-01 02:12:53,120:INFO:Importing libraries
2023-05-01 02:12:53,120:INFO:Copying training dataset
2023-05-01 02:12:53,123:INFO:Defining folds
2023-05-01 02:12:53,124:INFO:Declaring metric variables
2023-05-01 02:12:53,132:INFO:Importing untrained model
2023-05-01 02:12:53,148:INFO:Extreme Gradient Boosting Imported succesfully
2023-05-01 02:12:53,166:INFO:Starting cross validation
2023-05-01 02:12:53,169:INFO:Cross validating with KFold(n_splits=3, random_state=None, shuffle=False), n_jobs=-1
2023-05-01 02:13:05,210:INFO:Calculating mean and std
2023-05-01 02:13:05,212:INFO:Creating metrics dataframe
2023-05-01 02:13:05,232:INFO:Uploading results into container
2023-05-01 02:13:05,232:INFO:Uploading model into container now
2023-05-01 02:13:05,233:INFO:create_model_container: 17
2023-05-01 02:13:05,233:INFO:master_model_container: 17
2023-05-01 02:13:05,233:INFO:display_container: 2
2023-05-01 02:13:05,235:INFO:XGBRegressor(base_score=None, booster='gbtree', callbacks=None,
             colsample_bylevel=None, colsample_bynode=None,
             colsample_bytree=None, early_stopping_rounds=None,
             enable_categorical=False, eval_metric=None, gamma=None,
             gpu_id=None, grow_policy=None, importance_type=None,
             interaction_constraints=None, learning_rate=None, max_bin=None,
             max_cat_to_onehot=None, max_delta_step=None, max_depth=None,
             max_leaves=None, min_child_weight=None, missing=nan,
             monotone_constraints=None, n_estimators=100, n_jobs=-1,
             num_parallel_tree=None, objective='reg:squarederror',
             predictor=None, random_state=69, reg_alpha=None, ...)
2023-05-01 02:13:05,236:INFO:create_model() succesfully completed......................................
2023-05-01 02:13:05,423:INFO:SubProcess create_model() end ==================================
2023-05-01 02:13:05,423:INFO:Creating metrics dataframe
2023-05-01 02:13:05,454:INFO:Initializing Light Gradient Boosting Machine
2023-05-01 02:13:05,454:INFO:Total runtime is 2.741064882278443 minutes
2023-05-01 02:13:05,466:INFO:SubProcess create_model() called ==================================
2023-05-01 02:13:05,467:INFO:Initializing create_model()
2023-05-01 02:13:05,467:INFO:create_model(estimator=lightgbm, fold=KFold(n_splits=3, random_state=None, shuffle=False), round=4, cross_validation=True, predict=True, fit_kwargs={}, groups=None, refit=False, verbose=False, system=False, metrics=None, experiment_custom_tags=None, add_to_model_list=True, probability_threshold=None, display=<pycaret.internal.Display.Display object at 0x000002046CE6AC08>, return_train_score=False, kwargs={})
2023-05-01 02:13:05,467:INFO:Checking exceptions
2023-05-01 02:13:05,467:INFO:Importing libraries
2023-05-01 02:13:05,467:INFO:Copying training dataset
2023-05-01 02:13:05,474:INFO:Defining folds
2023-05-01 02:13:05,474:INFO:Declaring metric variables
2023-05-01 02:13:05,482:INFO:Importing untrained model
2023-05-01 02:13:05,500:INFO:Light Gradient Boosting Machine Imported succesfully
2023-05-01 02:13:05,516:INFO:Starting cross validation
2023-05-01 02:13:05,517:INFO:Cross validating with KFold(n_splits=3, random_state=None, shuffle=False), n_jobs=-1
2023-05-01 02:13:07,845:INFO:Calculating mean and std
2023-05-01 02:13:07,875:INFO:Creating metrics dataframe
2023-05-01 02:13:07,885:INFO:Uploading results into container
2023-05-01 02:13:07,885:INFO:Uploading model into container now
2023-05-01 02:13:07,885:INFO:create_model_container: 18
2023-05-01 02:13:07,886:INFO:master_model_container: 18
2023-05-01 02:13:07,887:INFO:display_container: 2
2023-05-01 02:13:07,960:INFO:LGBMRegressor(boosting_type='gbdt', class_weight=None, colsample_bytree=1.0,
              importance_type='split', learning_rate=0.1, max_depth=-1,
              min_child_samples=20, min_child_weight=0.001, min_split_gain=0.0,
              n_estimators=100, n_jobs=-1, num_leaves=31, objective=None,
              random_state=69, reg_alpha=0.0, reg_lambda=0.0, silent='warn',
              subsample=1.0, subsample_for_bin=200000, subsample_freq=0)
2023-05-01 02:13:07,960:INFO:create_model() succesfully completed......................................
2023-05-01 02:13:08,075:INFO:SubProcess create_model() end ==================================
2023-05-01 02:13:08,075:INFO:Creating metrics dataframe
2023-05-01 02:13:08,561:INFO:Initializing Dummy Regressor
2023-05-01 02:13:08,561:INFO:Total runtime is 2.7928442915280667 minutes
2023-05-01 02:13:08,569:INFO:SubProcess create_model() called ==================================
2023-05-01 02:13:08,569:INFO:Initializing create_model()
2023-05-01 02:13:08,569:INFO:create_model(estimator=dummy, fold=KFold(n_splits=3, random_state=None, shuffle=False), round=4, cross_validation=True, predict=True, fit_kwargs={}, groups=None, refit=False, verbose=False, system=False, metrics=None, experiment_custom_tags=None, add_to_model_list=True, probability_threshold=None, display=<pycaret.internal.Display.Display object at 0x000002046CE6AC08>, return_train_score=False, kwargs={})
2023-05-01 02:13:08,569:INFO:Checking exceptions
2023-05-01 02:13:08,569:INFO:Importing libraries
2023-05-01 02:13:08,570:INFO:Copying training dataset
2023-05-01 02:13:08,574:INFO:Defining folds
2023-05-01 02:13:08,574:INFO:Declaring metric variables
2023-05-01 02:13:08,582:INFO:Importing untrained model
2023-05-01 02:13:08,599:INFO:Dummy Regressor Imported succesfully
2023-05-01 02:13:08,614:INFO:Starting cross validation
2023-05-01 02:13:08,615:INFO:Cross validating with KFold(n_splits=3, random_state=None, shuffle=False), n_jobs=-1
2023-05-01 02:13:09,057:INFO:Calculating mean and std
2023-05-01 02:13:09,061:INFO:Creating metrics dataframe
2023-05-01 02:13:09,069:INFO:Uploading results into container
2023-05-01 02:13:09,069:INFO:Uploading model into container now
2023-05-01 02:13:09,070:INFO:create_model_container: 19
2023-05-01 02:13:09,070:INFO:master_model_container: 19
2023-05-01 02:13:09,070:INFO:display_container: 2
2023-05-01 02:13:09,070:INFO:DummyRegressor(constant=None, quantile=None, strategy='mean')
2023-05-01 02:13:09,070:INFO:create_model() succesfully completed......................................
2023-05-01 02:13:09,174:INFO:SubProcess create_model() end ==================================
2023-05-01 02:13:09,174:INFO:Creating metrics dataframe
2023-05-01 02:13:09,227:INFO:Initializing create_model()
2023-05-01 02:13:09,227:INFO:create_model(estimator=LGBMRegressor(boosting_type='gbdt', class_weight=None, colsample_bytree=1.0,
              importance_type='split', learning_rate=0.1, max_depth=-1,
              min_child_samples=20, min_child_weight=0.001, min_split_gain=0.0,
              n_estimators=100, n_jobs=-1, num_leaves=31, objective=None,
              random_state=69, reg_alpha=0.0, reg_lambda=0.0, silent='warn',
              subsample=1.0, subsample_for_bin=200000, subsample_freq=0), fold=KFold(n_splits=3, random_state=None, shuffle=False), round=4, cross_validation=False, predict=False, fit_kwargs={}, groups=None, refit=True, verbose=False, system=False, metrics=None, experiment_custom_tags=None, add_to_model_list=True, probability_threshold=None, display=None, return_train_score=False, kwargs={})
2023-05-01 02:13:09,227:INFO:Checking exceptions
2023-05-01 02:13:09,228:INFO:Importing libraries
2023-05-01 02:13:09,228:INFO:Copying training dataset
2023-05-01 02:13:09,235:INFO:Defining folds
2023-05-01 02:13:09,235:INFO:Declaring metric variables
2023-05-01 02:13:09,235:INFO:Importing untrained model
2023-05-01 02:13:09,235:INFO:Declaring custom model
2023-05-01 02:13:09,236:INFO:Light Gradient Boosting Machine Imported succesfully
2023-05-01 02:13:09,236:INFO:Cross validation set to False
2023-05-01 02:13:09,237:INFO:Fitting Model
2023-05-01 02:13:09,575:INFO:LGBMRegressor(boosting_type='gbdt', class_weight=None, colsample_bytree=1.0,
              importance_type='split', learning_rate=0.1, max_depth=-1,
              min_child_samples=20, min_child_weight=0.001, min_split_gain=0.0,
              n_estimators=100, n_jobs=-1, num_leaves=31, objective=None,
              random_state=69, reg_alpha=0.0, reg_lambda=0.0, silent='warn',
              subsample=1.0, subsample_for_bin=200000, subsample_freq=0)
2023-05-01 02:13:09,575:INFO:create_models() succesfully completed......................................
2023-05-01 02:13:09,696:INFO:Initializing create_model()
2023-05-01 02:13:09,696:INFO:create_model(estimator=RandomForestRegressor(bootstrap=True, ccp_alpha=0.0, criterion='mse',
                      max_depth=None, max_features='auto', max_leaf_nodes=None,
                      max_samples=None, min_impurity_decrease=0.0,
                      min_impurity_split=None, min_samples_leaf=1,
                      min_samples_split=2, min_weight_fraction_leaf=0.0,
                      n_estimators=100, n_jobs=-1, oob_score=False,
                      random_state=69, verbose=0, warm_start=False), fold=KFold(n_splits=3, random_state=None, shuffle=False), round=4, cross_validation=False, predict=False, fit_kwargs={}, groups=None, refit=True, verbose=False, system=False, metrics=None, experiment_custom_tags=None, add_to_model_list=True, probability_threshold=None, display=None, return_train_score=False, kwargs={})
2023-05-01 02:13:09,697:INFO:Checking exceptions
2023-05-01 02:13:09,697:INFO:Importing libraries
2023-05-01 02:13:09,697:INFO:Copying training dataset
2023-05-01 02:13:09,701:INFO:Defining folds
2023-05-01 02:13:09,701:INFO:Declaring metric variables
2023-05-01 02:13:09,701:INFO:Importing untrained model
2023-05-01 02:13:09,701:INFO:Declaring custom model
2023-05-01 02:13:09,702:INFO:Random Forest Regressor Imported succesfully
2023-05-01 02:13:09,702:INFO:Cross validation set to False
2023-05-01 02:13:09,702:INFO:Fitting Model
2023-05-01 02:13:30,114:INFO:RandomForestRegressor(bootstrap=True, ccp_alpha=0.0, criterion='mse',
                      max_depth=None, max_features='auto', max_leaf_nodes=None,
                      max_samples=None, min_impurity_decrease=0.0,
                      min_impurity_split=None, min_samples_leaf=1,
                      min_samples_split=2, min_weight_fraction_leaf=0.0,
                      n_estimators=100, n_jobs=-1, oob_score=False,
                      random_state=69, verbose=0, warm_start=False)
2023-05-01 02:13:30,114:INFO:create_models() succesfully completed......................................
2023-05-01 02:13:30,226:INFO:Initializing create_model()
2023-05-01 02:13:30,227:INFO:create_model(estimator=XGBRegressor(base_score=None, booster='gbtree', callbacks=None,
             colsample_bylevel=None, colsample_bynode=None,
             colsample_bytree=None, early_stopping_rounds=None,
             enable_categorical=False, eval_metric=None, gamma=None,
             gpu_id=None, grow_policy=None, importance_type=None,
             interaction_constraints=None, learning_rate=None, max_bin=None,
             max_cat_to_onehot=None, max_delta_step=None, max_depth=None,
             max_leaves=None, min_child_weight=None, missing=nan,
             monotone_constraints=None, n_estimators=100, n_jobs=-1,
             num_parallel_tree=None, objective='reg:squarederror',
             predictor=None, random_state=69, reg_alpha=None, ...), fold=KFold(n_splits=3, random_state=None, shuffle=False), round=4, cross_validation=False, predict=False, fit_kwargs={}, groups=None, refit=True, verbose=False, system=False, metrics=None, experiment_custom_tags=None, add_to_model_list=True, probability_threshold=None, display=None, return_train_score=False, kwargs={})
2023-05-01 02:13:30,227:INFO:Checking exceptions
2023-05-01 02:13:30,227:INFO:Importing libraries
2023-05-01 02:13:30,227:INFO:Copying training dataset
2023-05-01 02:13:30,232:INFO:Defining folds
2023-05-01 02:13:30,232:INFO:Declaring metric variables
2023-05-01 02:13:30,232:INFO:Importing untrained model
2023-05-01 02:13:30,233:INFO:Declaring custom model
2023-05-01 02:13:30,234:INFO:Extreme Gradient Boosting Imported succesfully
2023-05-01 02:13:30,236:INFO:Cross validation set to False
2023-05-01 02:13:30,236:INFO:Fitting Model
2023-05-01 02:13:37,050:INFO:XGBRegressor(base_score=0.5, booster='gbtree', callbacks=None,
             colsample_bylevel=1, colsample_bynode=1, colsample_bytree=1,
             early_stopping_rounds=None, enable_categorical=False,
             eval_metric=None, gamma=0, gpu_id=-1, grow_policy='depthwise',
             importance_type=None, interaction_constraints='',
             learning_rate=0.300000012, max_bin=256, max_cat_to_onehot=4,
             max_delta_step=0, max_depth=6, max_leaves=0, min_child_weight=1,
             missing=nan, monotone_constraints='()', n_estimators=100,
             n_jobs=-1, num_parallel_tree=1, objective='reg:squarederror',
             predictor='auto', random_state=69, reg_alpha=0, ...)
2023-05-01 02:13:37,050:INFO:create_models() succesfully completed......................................
2023-05-01 02:13:37,183:INFO:Initializing create_model()
2023-05-01 02:13:37,184:INFO:create_model(estimator=ExtraTreesRegressor(bootstrap=False, ccp_alpha=0.0, criterion='mse',
                    max_depth=None, max_features='auto', max_leaf_nodes=None,
                    max_samples=None, min_impurity_decrease=0.0,
                    min_impurity_split=None, min_samples_leaf=1,
                    min_samples_split=2, min_weight_fraction_leaf=0.0,
                    n_estimators=100, n_jobs=-1, oob_score=False,
                    random_state=69, verbose=0, warm_start=False), fold=KFold(n_splits=3, random_state=None, shuffle=False), round=4, cross_validation=False, predict=False, fit_kwargs={}, groups=None, refit=True, verbose=False, system=False, metrics=None, experiment_custom_tags=None, add_to_model_list=True, probability_threshold=None, display=None, return_train_score=False, kwargs={})
2023-05-01 02:13:37,184:INFO:Checking exceptions
2023-05-01 02:13:37,184:INFO:Importing libraries
2023-05-01 02:13:37,184:INFO:Copying training dataset
2023-05-01 02:13:37,189:INFO:Defining folds
2023-05-01 02:13:37,189:INFO:Declaring metric variables
2023-05-01 02:13:37,189:INFO:Importing untrained model
2023-05-01 02:13:37,189:INFO:Declaring custom model
2023-05-01 02:13:37,190:INFO:Extra Trees Regressor Imported succesfully
2023-05-01 02:13:37,190:INFO:Cross validation set to False
2023-05-01 02:13:37,190:INFO:Fitting Model
2023-05-01 02:13:58,524:INFO:ExtraTreesRegressor(bootstrap=False, ccp_alpha=0.0, criterion='mse',
                    max_depth=None, max_features='auto', max_leaf_nodes=None,
                    max_samples=None, min_impurity_decrease=0.0,
                    min_impurity_split=None, min_samples_leaf=1,
                    min_samples_split=2, min_weight_fraction_leaf=0.0,
                    n_estimators=100, n_jobs=-1, oob_score=False,
                    random_state=69, verbose=0, warm_start=False)
2023-05-01 02:13:58,524:INFO:create_models() succesfully completed......................................
2023-05-01 02:13:58,720:INFO:create_model_container: 19
2023-05-01 02:13:58,720:INFO:master_model_container: 19
2023-05-01 02:13:58,720:INFO:display_container: 2
2023-05-01 02:13:58,723:INFO:[LGBMRegressor(boosting_type='gbdt', class_weight=None, colsample_bytree=1.0,
              importance_type='split', learning_rate=0.1, max_depth=-1,
              min_child_samples=20, min_child_weight=0.001, min_split_gain=0.0,
              n_estimators=100, n_jobs=-1, num_leaves=31, objective=None,
              random_state=69, reg_alpha=0.0, reg_lambda=0.0, silent='warn',
              subsample=1.0, subsample_for_bin=200000, subsample_freq=0), RandomForestRegressor(bootstrap=True, ccp_alpha=0.0, criterion='mse',
                      max_depth=None, max_features='auto', max_leaf_nodes=None,
                      max_samples=None, min_impurity_decrease=0.0,
                      min_impurity_split=None, min_samples_leaf=1,
                      min_samples_split=2, min_weight_fraction_leaf=0.0,
                      n_estimators=100, n_jobs=-1, oob_score=False,
                      random_state=69, verbose=0, warm_start=False), XGBRegressor(base_score=0.5, booster='gbtree', callbacks=None,
             colsample_bylevel=1, colsample_bynode=1, colsample_bytree=1,
             early_stopping_rounds=None, enable_categorical=False,
             eval_metric=None, gamma=0, gpu_id=-1, grow_policy='depthwise',
             importance_type=None, interaction_constraints='',
             learning_rate=0.300000012, max_bin=256, max_cat_to_onehot=4,
             max_delta_step=0, max_depth=6, max_leaves=0, min_child_weight=1,
             missing=nan, monotone_constraints='()', n_estimators=100,
             n_jobs=-1, num_parallel_tree=1, objective='reg:squarederror',
             predictor='auto', random_state=69, reg_alpha=0, ...), ExtraTreesRegressor(bootstrap=False, ccp_alpha=0.0, criterion='mse',
                    max_depth=None, max_features='auto', max_leaf_nodes=None,
                    max_samples=None, min_impurity_decrease=0.0,
                    min_impurity_split=None, min_samples_leaf=1,
                    min_samples_split=2, min_weight_fraction_leaf=0.0,
                    n_estimators=100, n_jobs=-1, oob_score=False,
                    random_state=69, verbose=0, warm_start=False)]
2023-05-01 02:13:58,724:INFO:compare_models() succesfully completed......................................
2023-05-01 02:14:13,898:INFO:Initializing create_model()
2023-05-01 02:14:13,898:INFO:create_model(estimator=rf, fold=None, round=4, cross_validation=True, predict=True, fit_kwargs=None, groups=None, refit=True, verbose=True, system=True, metrics=None, experiment_custom_tags=None, add_to_model_list=True, probability_threshold=None, display=None, return_train_score=True, kwargs={})
2023-05-01 02:14:13,899:INFO:Checking exceptions
2023-05-01 02:14:13,899:INFO:Preparing display monitor
2023-05-01 02:14:13,930:INFO:Importing libraries
2023-05-01 02:14:13,931:INFO:Copying training dataset
2023-05-01 02:14:13,948:INFO:Defining folds
2023-05-01 02:14:13,949:INFO:Declaring metric variables
2023-05-01 02:14:13,966:INFO:Importing untrained model
2023-05-01 02:14:13,983:INFO:Random Forest Regressor Imported succesfully
2023-05-01 02:14:14,004:INFO:Starting cross validation
2023-05-01 02:14:14,004:INFO:Cross validating with KFold(n_splits=3, random_state=None, shuffle=False), n_jobs=-1
2023-05-01 02:14:46,631:INFO:Calculating mean and std
2023-05-01 02:14:46,633:INFO:Creating metrics dataframe
2023-05-01 02:14:46,675:INFO:Finalizing model
2023-05-01 02:15:05,485:INFO:Initializing predict_model()
2023-05-01 02:15:05,485:INFO:predict_model(estimator=Pipeline(memory=None,
         steps=[('empty_step', 'passthrough'),
                ('actual_estimator',
                 RandomForestRegressor(bootstrap=True, ccp_alpha=0.0,
                                       criterion='mse', max_depth=None,
                                       max_features='auto', max_leaf_nodes=None,
                                       max_samples=None,
                                       min_impurity_decrease=0.0,
                                       min_impurity_split=None,
                                       min_samples_leaf=1, min_samples_split=2,
                                       min_weight_fraction_leaf=0.0,
                                       n_estimators=100, n_jobs=-1,
                                       oob_score=False, random_state=69,
                                       verbose=0, warm_start=False))],
         verbose=False), probability_threshold=None, encoded_labels=False, drift_report=False, raw_score=False, round=4, verbose=True, ml_usecase=None, display=None, drift_kwargs=None)
2023-05-01 02:15:05,486:INFO:Checking exceptions
2023-05-01 02:15:05,486:INFO:Preloading libraries
2023-05-01 02:15:05,486:INFO:Preparing display monitor
2023-05-01 02:15:06,493:INFO:Uploading results into container
2023-05-01 02:15:06,494:INFO:Uploading model into container now
2023-05-01 02:15:06,511:INFO:create_model_container: 20
2023-05-01 02:15:06,511:INFO:master_model_container: 20
2023-05-01 02:15:06,511:INFO:display_container: 3
2023-05-01 02:15:06,512:INFO:RandomForestRegressor(bootstrap=True, ccp_alpha=0.0, criterion='mse',
                      max_depth=None, max_features='auto', max_leaf_nodes=None,
                      max_samples=None, min_impurity_decrease=0.0,
                      min_impurity_split=None, min_samples_leaf=1,
                      min_samples_split=2, min_weight_fraction_leaf=0.0,
                      n_estimators=100, n_jobs=-1, oob_score=False,
                      random_state=69, verbose=0, warm_start=False)
2023-05-01 02:15:06,513:INFO:create_model() succesfully completed......................................
2023-05-01 02:22:16,351:INFO:Initializing predict_model()
2023-05-01 02:22:16,352:INFO:predict_model(estimator=RandomForestRegressor(bootstrap=True, ccp_alpha=0.0, criterion='mse',
                      max_depth=None, max_features='auto', max_leaf_nodes=None,
                      max_samples=None, min_impurity_decrease=0.0,
                      min_impurity_split=None, min_samples_leaf=1,
                      min_samples_split=2, min_weight_fraction_leaf=0.0,
                      n_estimators=100, n_jobs=-1, oob_score=False,
                      random_state=69, verbose=0, warm_start=False), probability_threshold=None, encoded_labels=True, drift_report=False, raw_score=False, round=4, verbose=True, ml_usecase=MLUsecase.REGRESSION, display=None, drift_kwargs=None)
2023-05-01 02:22:16,352:INFO:Checking exceptions
2023-05-01 02:22:16,352:INFO:Preloading libraries
2023-05-01 02:22:16,352:INFO:Preparing display monitor
2023-05-01 02:22:24,037:INFO:Initializing predict_model()
2023-05-01 02:22:24,039:INFO:predict_model(estimator=RandomForestRegressor(bootstrap=True, ccp_alpha=0.0, criterion='mse',
                      max_depth=None, max_features='auto', max_leaf_nodes=None,
                      max_samples=None, min_impurity_decrease=0.0,
                      min_impurity_split=None, min_samples_leaf=1,
                      min_samples_split=2, min_weight_fraction_leaf=0.0,
                      n_estimators=100, n_jobs=-1, oob_score=False,
                      random_state=69, verbose=0, warm_start=False), probability_threshold=None, encoded_labels=True, drift_report=False, raw_score=False, round=4, verbose=True, ml_usecase=MLUsecase.REGRESSION, display=None, drift_kwargs=None)
2023-05-01 02:22:24,039:INFO:Checking exceptions
2023-05-01 02:22:24,039:INFO:Preloading libraries
2023-05-01 02:22:24,040:INFO:Preparing display monitor
